2021-03-10T12:55:44.159Z [AUDIT] Token created by 'anonymous': tokenId='87b53055-6edf-4ad3-ac84-b374f4ebeb7d', issuer='jfrou@01f0e39xkd589tqtnpgeb0ntwr', subject='jfrou@01f0e39xkd589tqtnpgeb0ntwr', expiry=none, refreshable=false
2021-03-10T12:55:46.072Z [AUDIT] Token created by 'anonymous': tokenId='e833b2f3-2547-4b88-8db7-8b7add0930bf', issuer='jfac@01f0e39mk21h7w0g31fga71b1k', subject='jfac@01f0e39mk21h7w0g31fga71b1k', expiry=1615381066046, refreshable=false
2021-03-10T12:55:46.258Z [AUDIT] Token created by 'anonymous': tokenId='4663c03d-ccff-490e-b681-d512c0638166', issuer='jfac@01f0e39mk21h7w0g31fga71b1k', subject='jfac@01f0e39mk21h7w0g31fga71b1k', expiry=1615381066219, refreshable=false
2021-03-10T12:55:46.494Z [AUDIT] Token created by 'anonymous': tokenId='5dc39c83-8dc5-4063-8041-54e868cc0765', issuer='jfac@01f0e39mk21h7w0g31fga71b1k', subject='jfac@01f0e39mk21h7w0g31fga71b1k', expiry=1615381066490, refreshable=false
2021-03-10T12:55:46.907Z [AUDIT] Token created by 'anonymous': tokenId='910a17b2-96e1-4b13-9646-cae6788b0999', issuer='jfac@01f0e39mk21h7w0g31fga71b1k', subject='jfac@01f0e39mk21h7w0g31fga71b1k', expiry=1615381066905, refreshable=false
2021-03-10T12:55:47.399Z [AUDIT] Token created by 'anonymous': tokenId='80383f9d-8bed-439f-bdd0-5dbf2f65161b', issuer='jfmd@01f0e39z5afy5nkms4x04pbts0', subject='jfmd@01f0e39z5afy5nkms4x04pbts0', expiry=none, refreshable=false
2021-03-10T12:55:47.724Z [AUDIT] Token created by 'anonymous': tokenId='2f2767d9-412f-48f3-864d-9289a64dd154', issuer='jfac@01f0e39mk21h7w0g31fga71b1k', subject='jfac@01f0e39mk21h7w0g31fga71b1k', expiry=1615381067720, refreshable=false
2021-03-10T12:55:52.493Z [AUDIT] Token created by 'anonymous': tokenId='7ca4c7cf-9090-4978-81dc-eb2d5e3799bf', issuer='jfrt@01f0e3acmpap8e1w103fzs1qqq', subject='jfrt@01f0e3acmpap8e1w103fzs1qqq', expiry=none, refreshable=false
2021-03-10T12:55:55.939Z [AUDIT] Token created by 'jfrt@01f0e3acmpap8e1w103fzs1qqq': tokenId='5bae259f-97f0-419c-bc89-4f9cb3ddc0e4', issuer='jfrt@01f0e3acmpap8e1w103fzs1qqq', subject='jfrt@01f0e3acmpap8e1w103fzs1qqq', expiry=2561460955936, refreshable=false
2021-03-10T12:56:02.658Z [AUDIT] Token created by 'anonymous': tokenId='6c3b4c25-7b16-40c0-817b-184edd2cfe1e', issuer='jffe@000', subject='jffe@000', expiry=none, refreshable=false
2021-03-10T12:56:02.894Z [AUDIT] Token created by 'jffe@000': tokenId='e1f00faf-987f-417c-816d-e77093352b08', issuer='jffe@000', subject='jffe@000/users/jffe@000', expiry=1615381562894, refreshable=false
2021-03-10T13:06:05.550Z [AUDIT] Token created by 'jffe@000': tokenId='ecd372ba-5083-4df8-8c5a-e332d9bd8327', issuer='jffe@000', subject='jffe@000/users/jffe@000', expiry=1615382165549, refreshable=false
2021-03-10T13:06:05.550Z [AUDIT] Token created by 'jffe@000': tokenId='17c0e3f3-8424-4899-9352-cf708f9fe3c1', issuer='jffe@000', subject='jffe@000/users/jffe@000', expiry=1615382165549, refreshable=false
2021-03-10T13:06:05.550Z [AUDIT] Token created by 'jffe@000': tokenId='e62202a1-681f-4006-aefc-4ada964d1fac', issuer='jffe@000', subject='jffe@000/users/jffe@000', expiry=1615382165550, refreshable=false
2021-03-10T13:06:05.551Z [AUDIT] Token created by 'jffe@000': tokenId='8557a5b5-31bc-4df9-8c96-90529a2f3e20', issuer='jffe@000', subject='jffe@000/users/jffe@000', expiry=1615382165551, refreshable=false
2021-03-10T13:16:05.634Z [AUDIT] Token created by 'jffe@000': tokenId='8fe78318-d49a-47b7-9849-a82e5e2ef61d', issuer='jffe@000', subject='jffe@000/users/jffe@000', expiry=1615382765634, refreshable=false
2021-03-10T13:16:05.680Z [AUDIT] Token created by 'jffe@000': tokenId='c7657a31-86a1-4716-b463-6ecea8f21b39', issuer='jffe@000', subject='jffe@000/users/jffe@000', expiry=1615382765680, refreshable=false
2021-03-10T13:16:05.722Z [AUDIT] Token created by 'jffe@000': tokenId='6b780ff3-2a73-49b4-a960-69de28c850ca', issuer='jffe@000', subject='jffe@000/users/jffe@000', expiry=1615382765722, refreshable=false
2021-03-10T13:16:05.750Z [AUDIT] Token created by 'jffe@000': tokenId='1e3aa046-65ae-4c9b-8f5a-7537791c3534', issuer='jffe@000', subject='jffe@000/users/jffe@000', expiry=1615382765750, refreshable=false
2021-03-10T13:20:47.211Z [AUDIT] Token created by 'anonymous': tokenId='85bf13f8-5ec0-482b-8040-0b08c5592ee6', issuer='jfrou@01f0e39xkd589tqtnpgeb0ntwr', subject='jfrou@01f0e39xkd589tqtnpgeb0ntwr', expiry=none, refreshable=false
2021-03-10T13:20:51.560Z [AUDIT] Token created by 'anonymous': tokenId='8d75fc8d-30b5-4701-a4dc-a3282c2f19e5', issuer='jfac@01f0e39mk21h7w0g31fga71b1k', subject='jfac@01f0e39mk21h7w0g31fga71b1k', expiry=1615382571516, refreshable=false
2021-03-10T13:20:51.820Z [AUDIT] Token created by 'anonymous': tokenId='5612f0ce-0e5d-4374-9ea1-a02373cefd0f', issuer='jfac@01f0e39mk21h7w0g31fga71b1k', subject='jfac@01f0e39mk21h7w0g31fga71b1k', expiry=1615382571808, refreshable=false
2021-03-10T13:20:52.058Z [AUDIT] Token created by 'anonymous': tokenId='c7b56cda-0667-4f1e-8495-d068e59db118', issuer='jfac@01f0e39mk21h7w0g31fga71b1k', subject='jfac@01f0e39mk21h7w0g31fga71b1k', expiry=1615382572046, refreshable=false
2021-03-10T13:20:52.490Z [AUDIT] Token created by 'anonymous': tokenId='230092df-752d-4f18-81fb-c17920ce199a', issuer='jfac@01f0e39mk21h7w0g31fga71b1k', subject='jfac@01f0e39mk21h7w0g31fga71b1k', expiry=1615382572481, refreshable=false
2021-03-10T13:20:53.033Z [AUDIT] Token created by 'anonymous': tokenId='fd0f3f89-356c-44c1-9c2c-fea80a7b5be2', issuer='jfrt@01f0e3acmpap8e1w103fzs1qqq', subject='jfrt@01f0e3acmpap8e1w103fzs1qqq', expiry=none, refreshable=false
2021-03-10T13:20:53.555Z [AUDIT] Token created by 'anonymous': tokenId='c3f71ee7-aaa8-4203-97a6-132cab2d8133', issuer='jfmd@01f0e39z5afy5nkms4x04pbts0', subject='jfmd@01f0e39z5afy5nkms4x04pbts0', expiry=none, refreshable=false
2021-03-10T13:20:57.993Z [AUDIT] Token created by 'jfrt@01f0e3acmpap8e1w103fzs1qqq': tokenId='98101c05-0320-4065-9671-5a1b6b1e52b3', issuer='jfrt@01f0e3acmpap8e1w103fzs1qqq', subject='jfrt@01f0e3acmpap8e1w103fzs1qqq', expiry=2561462457990, refreshable=false
2021-03-10T13:21:04.946Z [AUDIT] Token created by 'anonymous': tokenId='dbf9bb27-0023-48e1-845a-5706f7ba4f84', issuer='jffe@000', subject='jffe@000', expiry=none, refreshable=false
2021-03-10T13:21:05.091Z [AUDIT] Token created by 'jffe@000': tokenId='0cac99d6-6da4-4890-b13c-fd4d4520327e', issuer='jffe@000', subject='jffe@000/users/jffe@000', expiry=1615383065091, refreshable=false
2021-03-10T13:25:10.881Z [AUDIT] Token created by 'jffe@000': tokenId='a50b7783-140d-43a5-b7c1-8e5fa49195ad', issuer='jffe@000', subject='jffe@000/users/anonymous', expiry=1615383310880, refreshable=false
2021-03-10T13:25:10.881Z [AUDIT] Token created by 'jffe@000': tokenId='fc3b390e-1549-4acc-8e14-d3858d871be3', issuer='jffe@000', subject='jffe@000/users/anonymous', expiry=1615383310881, refreshable=false
2021-03-10T13:25:10.881Z [AUDIT] Token created by 'jffe@000': tokenId='71d541e6-faf0-4b9f-82be-2efba7856b3a', issuer='jffe@000', subject='jffe@000/users/anonymous', expiry=1615383310881, refreshable=false
2021-03-10T13:25:10.900Z [AUDIT] Token created by 'jffe@000': tokenId='69c137b5-a9f1-48ac-b1e2-799100aa5ee4', issuer='jffe@000', subject='jffe@000/users/anonymous', expiry=1615383310888, refreshable=false
2021-03-10T13:26:37.714Z [AUDIT] Token created by 'jffe@000': tokenId='fe098cc1-4da0-46b5-8302-9605b743099d', issuer='jffe@000', subject='jffe@000/users/admin', expiry=1615384597711, refreshable=true
2021-03-10T13:26:37.923Z [AUDIT] Token created by 'jffe@000': tokenId='e2bfff8e-932a-435e-9111-379c59c4ca2f', issuer='jffe@000', subject='jffe@000/users/admin', expiry=1615383397923, refreshable=false
2021-03-10T13:26:37.925Z [AUDIT] Token created by 'jffe@000': tokenId='69fe43d0-3e3c-407c-a456-f5ccc36a26bb', issuer='jffe@000', subject='jffe@000/users/admin', expiry=1615383397925, refreshable=false
2021-03-10T13:26:37.938Z [AUDIT] Token created by 'jffe@000': tokenId='09d6b23b-05a6-460f-8695-1ef0067e2371', issuer='jffe@000', subject='jffe@000/users/admin', expiry=1615383397937, refreshable=false
2021-03-10T13:26:38.701Z [AUDIT] Token created by 'jffe@000': tokenId='28138d1a-c814-47bf-9b00-a72fb0922128', issuer='jffe@000', subject='jffe@000/users/admin', expiry=1615383398700, refreshable=false
2021-03-10T13:30:20.309Z [AUDIT] Token created by 'anonymous': tokenId='61ed9d50-c21a-463f-bf0f-0ebf447ec6d1', issuer='jfrou@01f0e39xkd589tqtnpgeb0ntwr', subject='jfrou@01f0e39xkd589tqtnpgeb0ntwr', expiry=none, refreshable=false
2021-03-10T13:30:20.378Z [AUDIT] Token revoked by 'anonymous': tokenId='85bf13f8-5ec0-482b-8040-0b08c5592ee6', issuer='jfrou@01f0e39xkd589tqtnpgeb0ntwr', subject='jfrou@01f0e39xkd589tqtnpgeb0ntwr', expiry=none, refreshable=false
2021-03-10T13:30:24.471Z [AUDIT] Token created by 'anonymous': tokenId='1e21af84-bb81-4892-bf92-51c2191e358d', issuer='jfac@01f0e39mk21h7w0g31fga71b1k', subject='jfac@01f0e39mk21h7w0g31fga71b1k', expiry=1615383144462, refreshable=false
2021-03-10T13:30:24.765Z [AUDIT] Token created by 'anonymous': tokenId='6d945202-2234-4261-85da-24f2dde6bb57', issuer='jfac@01f0e39mk21h7w0g31fga71b1k', subject='jfac@01f0e39mk21h7w0g31fga71b1k', expiry=1615383144753, refreshable=false
2021-03-10T13:30:24.991Z [AUDIT] Token created by 'anonymous': tokenId='2b7cd221-5992-441d-ac51-5f62869848b0', issuer='jfac@01f0e39mk21h7w0g31fga71b1k', subject='jfac@01f0e39mk21h7w0g31fga71b1k', expiry=1615383144979, refreshable=false
2021-03-10T13:30:25.433Z [AUDIT] Token created by 'anonymous': tokenId='693a9595-f40b-4f68-95f1-4b48075bdd5c', issuer='jfac@01f0e39mk21h7w0g31fga71b1k', subject='jfac@01f0e39mk21h7w0g31fga71b1k', expiry=1615383145419, refreshable=false
2021-03-10T13:30:25.911Z [AUDIT] Token created by 'anonymous': tokenId='07972a88-299b-4efc-91ad-5b5a540810a7', issuer='jfmd@01f0e39z5afy5nkms4x04pbts0', subject='jfmd@01f0e39z5afy5nkms4x04pbts0', expiry=none, refreshable=false
2021-03-10T13:30:25.924Z [AUDIT] Token revoked by 'anonymous': tokenId='c3f71ee7-aaa8-4203-97a6-132cab2d8133', issuer='jfmd@01f0e39z5afy5nkms4x04pbts0', subject='jfmd@01f0e39z5afy5nkms4x04pbts0', expiry=none, refreshable=false
2021-03-10T13:30:26.065Z [AUDIT] Token created by 'anonymous': tokenId='f7fe1243-a8be-4bc2-9d3f-f132505e6727', issuer='jfrt@01f0e3acmpap8e1w103fzs1qqq', subject='jfrt@01f0e3acmpap8e1w103fzs1qqq', expiry=none, refreshable=false
2021-03-10T13:30:26.074Z [AUDIT] Token revoked by 'anonymous': tokenId='fd0f3f89-356c-44c1-9c2c-fea80a7b5be2', issuer='jfrt@01f0e3acmpap8e1w103fzs1qqq', subject='jfrt@01f0e3acmpap8e1w103fzs1qqq', expiry=none, refreshable=false
2021-03-10T13:30:27.633Z [AUDIT] Token created by 'jfrt@01f0e3acmpap8e1w103fzs1qqq': tokenId='8960e495-697d-425d-b60d-2aca60be3180', issuer='jfrt@01f0e3acmpap8e1w103fzs1qqq', subject='jfrt@01f0e3acmpap8e1w103fzs1qqq', expiry=2561463027628, refreshable=false
2021-03-10T13:30:33.456Z [AUDIT] Token created by 'anonymous': tokenId='682271bb-167a-477b-b7c8-353b9fc9b10b', issuer='jffe@000', subject='jffe@000', expiry=none, refreshable=false
2021-03-10T13:30:33.465Z [AUDIT] Token revoked by 'anonymous': tokenId='dbf9bb27-0023-48e1-845a-5706f7ba4f84', issuer='jffe@000', subject='jffe@000', expiry=none, refreshable=false
2021-03-10T13:30:33.532Z [AUDIT] Token created by 'jffe@000': tokenId='1fa70674-9917-41e3-88b3-f7236b7d5a75', issuer='jffe@000', subject='jffe@000/users/jffe@000', expiry=1615383633532, refreshable=false
2021-03-10T13:31:04.359Z [AUDIT] Token created by 'jffe@000': tokenId='cc730686-a406-4b63-bb95-7edebf118063', issuer='jffe@000', subject='jffe@000/users/anonymous', expiry=1615383664359, refreshable=false
2021-03-10T13:31:04.383Z [AUDIT] Token created by 'jffe@000': tokenId='adee1757-4a8d-4180-9234-1d57a913b438', issuer='jffe@000', subject='jffe@000/users/admin', expiry=1615383664383, refreshable=false
2021-03-10T13:31:04.384Z [AUDIT] Token created by 'jffe@000': tokenId='4377b187-9627-4c37-872b-44af4c670219', issuer='jffe@000', subject='jffe@000/users/admin', expiry=1615383664384, refreshable=false
2021-03-10T13:31:04.393Z [AUDIT] Token created by 'jffe@000': tokenId='57f7b8d3-5ce6-4b3e-84f9-b3927d33d796', issuer='jffe@000', subject='jffe@000/users/admin', expiry=1615383664392, refreshable=false
2021-03-10T13:31:05.354Z [AUDIT] Token created by 'jffe@000': tokenId='3349e5f0-c8e7-4fe1-ad3c-a0d164337fe9', issuer='jffe@000', subject='jffe@000/users/admin', expiry=1615383665354, refreshable=false
2021-03-10T13:33:07.320Z [AUDIT] Token refreshed by 'jffe@000': oldTokenId='fe098cc1-4da0-46b5-8302-9605b743099d', tokenId='7d9dff65-6d67-4cc6-8f8f-70a32c8c141c', issuer='jffe@000', subject='jffe@000/users/admin', expiry=1615384987303, refreshable=true
2021-03-10T13:40:35.988Z [AUDIT] Token created by 'jffe@000': tokenId='b4c3435a-f2b1-4004-9d95-900961f8ed27', issuer='jffe@000', subject='jffe@000/users/jffe@000', expiry=1615384235988, refreshable=false
2021-03-10T13:40:35.990Z [AUDIT] Token created by 'jffe@000': tokenId='ef1f2be3-bfad-48b7-a2c4-99d687102c60', issuer='jffe@000', subject='jffe@000/users/jffe@000', expiry=1615384235990, refreshable=false
2021-03-10T13:40:35.991Z [AUDIT] Token created by 'jffe@000': tokenId='f8cbf3fd-b485-4e2d-af37-b308b7a8b3d0', issuer='jffe@000', subject='jffe@000/users/jffe@000', expiry=1615384235990, refreshable=false
2021-03-10T13:40:35.991Z [AUDIT] Token created by 'jffe@000': tokenId='36d721f6-a825-4666-80e6-c07a85acb5f1', issuer='jffe@000', subject='jffe@000/users/jffe@000', expiry=1615384235991, refreshable=false
2021-03-10T13:41:20.657Z [AUDIT] Token created by 'jffe@000': tokenId='e8f4c083-2404-42d5-a8bf-0ddc8ad91171', issuer='jffe@000', subject='jffe@000/users/admin', expiry=1615384280656, refreshable=false
2021-03-10T13:50:36.101Z [AUDIT] Token created by 'jffe@000': tokenId='a6c61e89-4a45-4219-a51c-7637784b43f3', issuer='jffe@000', subject='jffe@000/users/jffe@000', expiry=1615384836101, refreshable=false
2021-03-10T13:50:36.101Z [AUDIT] Token created by 'jffe@000': tokenId='a893326f-520e-4ab4-928f-c14f849a4b11', issuer='jffe@000', subject='jffe@000/users/jffe@000', expiry=1615384836101, refreshable=false
2021-03-10T13:50:36.105Z [AUDIT] Token created by 'jffe@000': tokenId='4095815e-155b-45e3-8752-93403bf035d6', issuer='jffe@000', subject='jffe@000/users/jffe@000', expiry=1615384836104, refreshable=false
2021-03-10T13:50:36.116Z [AUDIT] Token created by 'jffe@000': tokenId='e6f1f218-c6a1-467c-bbf8-abe3095ba1c8', issuer='jffe@000', subject='jffe@000/users/jffe@000', expiry=1615384836116, refreshable=false
