2021-03-10T12:56:03.237Z [21bae74b65ac3cef] [ACCEPTED LOGIN]   for client : jffe@000 / 127.0.0.1.
2021-03-10T12:56:35.557Z [66702477af0b1f40] [ACCEPTED LOGIN]   for client : jffe@000 / 127.0.0.1.
2021-03-10T12:56:35.588Z [776641168e2dbdc8] [ACCEPTED LOGIN]   for client : jffe@000 / 127.0.0.1.
2021-03-10T12:56:35.636Z [78465a223a0b4e74] [ACCEPTED LOGIN]   for client : jffe@000 / 127.0.0.1.
2021-03-10T12:56:35.651Z [d6743ab23e31fef ] [ACCEPTED LOGIN]   for client : jffe@000 / 127.0.0.1.
2021-03-10T12:57:05.583Z [4db7be92eecc81a5] [ACCEPTED LOGIN]   for client : jffe@000 / 127.0.0.1.
2021-03-10T12:57:05.587Z [12bf299e840cf00e] [ACCEPTED LOGIN]   for client : jffe@000 / 127.0.0.1.
2021-03-10T12:57:05.584Z [2c77c04f6718a084] [ACCEPTED LOGIN]   for client : jffe@000 / 127.0.0.1.
2021-03-10T12:57:05.584Z [4d95fd9ff75fb198] [ACCEPTED LOGIN]   for client : jffe@000 / 127.0.0.1.
2021-03-10T12:57:35.550Z [71e641864e994a50] [ACCEPTED LOGIN]   for client : jffe@000 / 127.0.0.1.
2021-03-10T12:57:35.557Z [650d5ff131f126bc] [ACCEPTED LOGIN]   for client : jffe@000 / 127.0.0.1.
2021-03-10T12:57:35.559Z [d83efa02a3fd5f5 ] [ACCEPTED LOGIN]   for client : jffe@000 / 127.0.0.1.
2021-03-10T12:57:35.572Z [7cea2278cef08d6f] [ACCEPTED LOGIN]   for client : jffe@000 / 127.0.0.1.
2021-03-10T12:58:05.563Z [84dc990fd18784f ] [ACCEPTED LOGIN]   for client : jffe@000 / 127.0.0.1.
2021-03-10T12:58:05.576Z [57a653f5ce2a29f6] [ACCEPTED LOGIN]   for client : jffe@000 / 127.0.0.1.
2021-03-10T12:58:05.584Z [2a38c17672c03244] [ACCEPTED LOGIN]   for client : jffe@000 / 127.0.0.1.
2021-03-10T12:58:05.585Z [375e2377ac1126c ] [ACCEPTED LOGIN]   for client : jffe@000 / 127.0.0.1.
2021-03-10T12:58:35.559Z [ce242d9b8937ee1 ] [ACCEPTED LOGIN]   for client : jffe@000 / 127.0.0.1.
2021-03-10T12:58:35.577Z [3ad968a089b91876] [ACCEPTED LOGIN]   for client : jffe@000 / 127.0.0.1.
2021-03-10T12:58:35.578Z [74d18c947e975356] [ACCEPTED LOGIN]   for client : jffe@000 / 127.0.0.1.
2021-03-10T12:58:35.585Z [18765f84a605fca1] [ACCEPTED LOGIN]   for client : jffe@000 / 127.0.0.1.
2021-03-10T12:59:05.585Z [18210cd7292e80c0] [ACCEPTED LOGIN]   for client : jffe@000 / 127.0.0.1.
2021-03-10T12:59:05.586Z [4deb36be76fc27d5] [ACCEPTED LOGIN]   for client : jffe@000 / 127.0.0.1.
2021-03-10T12:59:05.586Z [10fdb7daf0681e45] [ACCEPTED LOGIN]   for client : jffe@000 / 127.0.0.1.
2021-03-10T12:59:05.593Z [79f138bc4d452207] [ACCEPTED LOGIN]   for client : jffe@000 / 127.0.0.1.
2021-03-10T12:59:35.557Z [294709258bb50df5] [ACCEPTED LOGIN]   for client : jffe@000 / 127.0.0.1.
2021-03-10T12:59:35.578Z [3d964d1ce959d366] [ACCEPTED LOGIN]   for client : jffe@000 / 127.0.0.1.
2021-03-10T12:59:35.580Z [3b02b13e584c907e] [ACCEPTED LOGIN]   for client : jffe@000 / 127.0.0.1.
2021-03-10T12:59:35.584Z [72ddf32f158d6e71] [ACCEPTED LOGIN]   for client : jffe@000 / 127.0.0.1.
2021-03-10T13:00:05.576Z [5e1c7726486ece18] [ACCEPTED LOGIN]   for client : jffe@000 / 127.0.0.1.
2021-03-10T13:00:05.597Z [240319ced2d69e67] [ACCEPTED LOGIN]   for client : jffe@000 / 127.0.0.1.
2021-03-10T13:00:05.597Z [2bd13ad5535bb81a] [ACCEPTED LOGIN]   for client : jffe@000 / 127.0.0.1.
2021-03-10T13:00:05.612Z [53075b22325bdef3] [ACCEPTED LOGIN]   for client : jffe@000 / 127.0.0.1.
2021-03-10T13:00:35.556Z [cb9d2823a95cc4a ] [ACCEPTED LOGIN]   for client : jffe@000 / 127.0.0.1.
2021-03-10T13:00:35.579Z [de256d5e32cc044 ] [ACCEPTED LOGIN]   for client : jffe@000 / 127.0.0.1.
2021-03-10T13:00:35.588Z [356c6b8c040c827d] [ACCEPTED LOGIN]   for client : jffe@000 / 127.0.0.1.
2021-03-10T13:00:35.601Z [6e918f2e05b38e5f] [ACCEPTED LOGIN]   for client : jffe@000 / 127.0.0.1.
2021-03-10T13:01:05.597Z [6fa9366f12c8684b] [ACCEPTED LOGIN]   for client : jffe@000 / 127.0.0.1.
2021-03-10T13:01:05.598Z [5cf35f7b63b54dda] [ACCEPTED LOGIN]   for client : jffe@000 / 127.0.0.1.
2021-03-10T13:01:05.611Z [5381b4fd8cb2df3b] [ACCEPTED LOGIN]   for client : jffe@000 / 127.0.0.1.
2021-03-10T13:01:05.625Z [32d2a95b342e99f2] [ACCEPTED LOGIN]   for client : jffe@000 / 127.0.0.1.
2021-03-10T13:01:35.564Z [ade092564882083 ] [ACCEPTED LOGIN]   for client : jffe@000 / 127.0.0.1.
2021-03-10T13:01:35.582Z [166573339a0bc3e7] [ACCEPTED LOGIN]   for client : jffe@000 / 127.0.0.1.
2021-03-10T13:01:35.593Z [1a2fba626abf69fc] [ACCEPTED LOGIN]   for client : jffe@000 / 127.0.0.1.
2021-03-10T13:01:35.595Z [4293985a75942e35] [ACCEPTED LOGIN]   for client : jffe@000 / 127.0.0.1.
2021-03-10T13:02:05.592Z [173279807b5ad13a] [ACCEPTED LOGIN]   for client : jffe@000 / 127.0.0.1.
2021-03-10T13:02:05.607Z [4bf899b9e0592a50] [ACCEPTED LOGIN]   for client : jffe@000 / 127.0.0.1.
2021-03-10T13:02:05.616Z [4c470a3f54b70972] [ACCEPTED LOGIN]   for client : jffe@000 / 127.0.0.1.
2021-03-10T13:02:05.625Z [3e4e15b3dde3956b] [ACCEPTED LOGIN]   for client : jffe@000 / 127.0.0.1.
2021-03-10T13:02:35.617Z [4f150d99f4ef621e] [ACCEPTED LOGIN]   for client : jffe@000 / 127.0.0.1.
2021-03-10T13:02:35.623Z [2e2ad68ff6023240] [ACCEPTED LOGIN]   for client : jffe@000 / 127.0.0.1.
2021-03-10T13:02:35.631Z [367ed12a6e8918d5] [ACCEPTED LOGIN]   for client : jffe@000 / 127.0.0.1.
2021-03-10T13:02:35.640Z [1730c218fc4383a7] [ACCEPTED LOGIN]   for client : jffe@000 / 127.0.0.1.
2021-03-10T13:03:05.582Z [36b29b7fa3c500f2] [ACCEPTED LOGIN]   for client : jffe@000 / 127.0.0.1.
2021-03-10T13:03:05.583Z [3571b8e490ae5002] [ACCEPTED LOGIN]   for client : jffe@000 / 127.0.0.1.
2021-03-10T13:03:05.582Z [1b4be8f7cd5b90a4] [ACCEPTED LOGIN]   for client : jffe@000 / 127.0.0.1.
2021-03-10T13:03:05.600Z [66c36ef50760e3ba] [ACCEPTED LOGIN]   for client : jffe@000 / 127.0.0.1.
2021-03-10T13:03:35.579Z [137bab9b7d050fac] [ACCEPTED LOGIN]   for client : jffe@000 / 127.0.0.1.
2021-03-10T13:03:35.579Z [f1f70b1c8766574 ] [ACCEPTED LOGIN]   for client : jffe@000 / 127.0.0.1.
2021-03-10T13:03:35.587Z [1b46e3925edcbe8f] [ACCEPTED LOGIN]   for client : jffe@000 / 127.0.0.1.
2021-03-10T13:03:35.598Z [2f1e670471e3630d] [ACCEPTED LOGIN]   for client : jffe@000 / 127.0.0.1.
2021-03-10T13:04:05.595Z [20cca5f74526b719] [ACCEPTED LOGIN]   for client : jffe@000 / 127.0.0.1.
2021-03-10T13:04:05.603Z [2772b47ff60f2ecd] [ACCEPTED LOGIN]   for client : jffe@000 / 127.0.0.1.
2021-03-10T13:04:05.609Z [3ed4933aeb617bc9] [ACCEPTED LOGIN]   for client : jffe@000 / 127.0.0.1.
2021-03-10T13:04:05.617Z [586ab034590efba9] [ACCEPTED LOGIN]   for client : jffe@000 / 127.0.0.1.
2021-03-10T13:04:35.604Z [1f2f502557871e36] [ACCEPTED LOGIN]   for client : jffe@000 / 127.0.0.1.
2021-03-10T13:04:35.607Z [40ea6e0d37024a0f] [ACCEPTED LOGIN]   for client : jffe@000 / 127.0.0.1.
2021-03-10T13:04:35.607Z [29e35786aac410c1] [ACCEPTED LOGIN]   for client : jffe@000 / 127.0.0.1.
2021-03-10T13:04:35.613Z [103a166e3b14fa9c] [ACCEPTED LOGIN]   for client : jffe@000 / 127.0.0.1.
2021-03-10T13:05:05.619Z [20a853494a8d4138] [ACCEPTED LOGIN]   for client : jffe@000 / 127.0.0.1.
2021-03-10T13:05:05.632Z [14802b3e9fb75aa8] [ACCEPTED LOGIN]   for client : jffe@000 / 127.0.0.1.
2021-03-10T13:05:05.632Z [5869086bfd868882] [ACCEPTED LOGIN]   for client : jffe@000 / 127.0.0.1.
2021-03-10T13:05:05.637Z [7ce6d3d207b37879] [ACCEPTED LOGIN]   for client : jffe@000 / 127.0.0.1.
2021-03-10T13:05:35.584Z [18186c7fb40b69ce] [ACCEPTED LOGIN]   for client : jffe@000 / 127.0.0.1.
2021-03-10T13:05:35.604Z [3533b579ba4008db] [ACCEPTED LOGIN]   for client : jffe@000 / 127.0.0.1.
2021-03-10T13:05:35.614Z [2790ceac8de223e1] [ACCEPTED LOGIN]   for client : jffe@000 / 127.0.0.1.
2021-03-10T13:05:35.622Z [4280c100d4aac72 ] [ACCEPTED LOGIN]   for client : jffe@000 / 127.0.0.1.
2021-03-10T13:06:05.670Z [17a22ba16329e4d5] [ACCEPTED LOGIN]   for client : jffe@000 / 127.0.0.1.
2021-03-10T13:06:05.675Z [132caa2f7fd5bd97] [ACCEPTED LOGIN]   for client : jffe@000 / 127.0.0.1.
2021-03-10T13:06:05.686Z [58eec07ebf573e9 ] [ACCEPTED LOGIN]   for client : jffe@000 / 127.0.0.1.
2021-03-10T13:06:05.695Z [58d05b7f3b3fc764] [ACCEPTED LOGIN]   for client : jffe@000 / 127.0.0.1.
2021-03-10T13:06:35.581Z [4437dfb06b3202ec] [ACCEPTED LOGIN]   for client : jffe@000 / 127.0.0.1.
2021-03-10T13:06:35.583Z [1cc3f86e95df3a7a] [ACCEPTED LOGIN]   for client : jffe@000 / 127.0.0.1.
2021-03-10T13:06:35.603Z [1697b93ce04822fe] [ACCEPTED LOGIN]   for client : jffe@000 / 127.0.0.1.
2021-03-10T13:06:35.604Z [f09a1c723fba9f4 ] [ACCEPTED LOGIN]   for client : jffe@000 / 127.0.0.1.
2021-03-10T13:07:05.599Z [6073fa0b5fb2b2f4] [ACCEPTED LOGIN]   for client : jffe@000 / 127.0.0.1.
2021-03-10T13:07:05.614Z [65bb25526337ba74] [ACCEPTED LOGIN]   for client : jffe@000 / 127.0.0.1.
2021-03-10T13:07:05.626Z [7b3f4788ab94ce3d] [ACCEPTED LOGIN]   for client : jffe@000 / 127.0.0.1.
2021-03-10T13:07:05.647Z [1cd64ffc2272d504] [ACCEPTED LOGIN]   for client : jffe@000 / 127.0.0.1.
2021-03-10T13:07:35.609Z [2eb2c938e0b1768d] [ACCEPTED LOGIN]   for client : jffe@000 / 127.0.0.1.
2021-03-10T13:07:35.615Z [5937eae1f153e61b] [ACCEPTED LOGIN]   for client : jffe@000 / 127.0.0.1.
2021-03-10T13:07:35.620Z [3868e14c3162457b] [ACCEPTED LOGIN]   for client : jffe@000 / 127.0.0.1.
2021-03-10T13:07:35.645Z [7e0095eb51678ff7] [ACCEPTED LOGIN]   for client : jffe@000 / 127.0.0.1.
2021-03-10T13:08:05.597Z [235ea494cdc94bde] [ACCEPTED LOGIN]   for client : jffe@000 / 127.0.0.1.
2021-03-10T13:08:05.598Z [cce5dee37d45cfe ] [ACCEPTED LOGIN]   for client : jffe@000 / 127.0.0.1.
2021-03-10T13:08:05.612Z [39b70b6ad8d7844c] [ACCEPTED LOGIN]   for client : jffe@000 / 127.0.0.1.
2021-03-10T13:08:05.616Z [4968f1bb842e5d7a] [ACCEPTED LOGIN]   for client : jffe@000 / 127.0.0.1.
2021-03-10T13:08:35.612Z [2d734f4c53a3d8c4] [ACCEPTED LOGIN]   for client : jffe@000 / 127.0.0.1.
2021-03-10T13:08:35.613Z [7091cb2df2422f12] [ACCEPTED LOGIN]   for client : jffe@000 / 127.0.0.1.
2021-03-10T13:08:35.616Z [966b3fa0dfa359  ] [ACCEPTED LOGIN]   for client : jffe@000 / 127.0.0.1.
2021-03-10T13:08:35.627Z [3f41252094fbafbd] [ACCEPTED LOGIN]   for client : jffe@000 / 127.0.0.1.
2021-03-10T13:09:05.584Z [4412af6de1ff5c1a] [ACCEPTED LOGIN]   for client : jffe@000 / 127.0.0.1.
2021-03-10T13:09:05.594Z [6ca2e5ed45cfaea8] [ACCEPTED LOGIN]   for client : jffe@000 / 127.0.0.1.
2021-03-10T13:09:05.602Z [75e1c363c6e154ad] [ACCEPTED LOGIN]   for client : jffe@000 / 127.0.0.1.
2021-03-10T13:09:05.605Z [78734fd0fbc14731] [ACCEPTED LOGIN]   for client : jffe@000 / 127.0.0.1.
2021-03-10T13:09:35.626Z [53d2fc26df4edb10] [ACCEPTED LOGIN]   for client : jffe@000 / 127.0.0.1.
2021-03-10T13:09:35.642Z [19840996e8de666f] [ACCEPTED LOGIN]   for client : jffe@000 / 127.0.0.1.
2021-03-10T13:09:35.642Z [7010db706f1c429 ] [ACCEPTED LOGIN]   for client : jffe@000 / 127.0.0.1.
2021-03-10T13:09:35.652Z [5f0bcaf0448d5dfe] [ACCEPTED LOGIN]   for client : jffe@000 / 127.0.0.1.
2021-03-10T13:10:05.606Z [80dca00321d633d ] [ACCEPTED LOGIN]   for client : jffe@000 / 127.0.0.1.
2021-03-10T13:10:05.620Z [2f1a6fee18d96caf] [ACCEPTED LOGIN]   for client : jffe@000 / 127.0.0.1.
2021-03-10T13:10:05.629Z [22672804c364c8b7] [ACCEPTED LOGIN]   for client : jffe@000 / 127.0.0.1.
2021-03-10T13:10:05.635Z [436d14680fa6f597] [ACCEPTED LOGIN]   for client : jffe@000 / 127.0.0.1.
2021-03-10T13:10:35.631Z [1f052e2f022bb57a] [ACCEPTED LOGIN]   for client : jffe@000 / 127.0.0.1.
2021-03-10T13:10:35.642Z [3238767a5063f562] [ACCEPTED LOGIN]   for client : jffe@000 / 127.0.0.1.
2021-03-10T13:10:35.646Z [6ea966377588c03d] [ACCEPTED LOGIN]   for client : jffe@000 / 127.0.0.1.
2021-03-10T13:10:35.650Z [45384298bf667a1e] [ACCEPTED LOGIN]   for client : jffe@000 / 127.0.0.1.
2021-03-10T13:11:05.609Z [2160bca7e8fed568] [ACCEPTED LOGIN]   for client : jffe@000 / 127.0.0.1.
2021-03-10T13:11:05.617Z [5f3325f4643a0bc9] [ACCEPTED LOGIN]   for client : jffe@000 / 127.0.0.1.
2021-03-10T13:11:05.626Z [51fae979f5618998] [ACCEPTED LOGIN]   for client : jffe@000 / 127.0.0.1.
2021-03-10T13:11:05.628Z [cd72e8326c46c7f ] [ACCEPTED LOGIN]   for client : jffe@000 / 127.0.0.1.
2021-03-10T13:11:35.655Z [206775378a5b1355] [ACCEPTED LOGIN]   for client : jffe@000 / 127.0.0.1.
2021-03-10T13:11:35.656Z [641a9f56f94ed5da] [ACCEPTED LOGIN]   for client : jffe@000 / 127.0.0.1.
2021-03-10T13:11:35.664Z [62e438deb54e8e3f] [ACCEPTED LOGIN]   for client : jffe@000 / 127.0.0.1.
2021-03-10T13:11:35.664Z [4253a43a88ae5e57] [ACCEPTED LOGIN]   for client : jffe@000 / 127.0.0.1.
2021-03-10T13:12:05.660Z [63a0dfb0a40f50f6] [ACCEPTED LOGIN]   for client : jffe@000 / 127.0.0.1.
2021-03-10T13:12:05.672Z [186bf0fa6362f6fb] [ACCEPTED LOGIN]   for client : jffe@000 / 127.0.0.1.
2021-03-10T13:12:05.672Z [45c483480d4baf31] [ACCEPTED LOGIN]   for client : jffe@000 / 127.0.0.1.
2021-03-10T13:12:05.700Z [391414b16816edfc] [ACCEPTED LOGIN]   for client : jffe@000 / 127.0.0.1.
2021-03-10T13:12:35.666Z [2a67b92dbddc19c9] [ACCEPTED LOGIN]   for client : jffe@000 / 127.0.0.1.
2021-03-10T13:12:35.668Z [d941c14d6a06936 ] [ACCEPTED LOGIN]   for client : jffe@000 / 127.0.0.1.
2021-03-10T13:12:35.671Z [2334939121bbb561] [ACCEPTED LOGIN]   for client : jffe@000 / 127.0.0.1.
2021-03-10T13:12:35.680Z [33e95baa49328b49] [ACCEPTED LOGIN]   for client : jffe@000 / 127.0.0.1.
2021-03-10T13:13:05.654Z [248baf775bbce23b] [ACCEPTED LOGIN]   for client : jffe@000 / 127.0.0.1.
2021-03-10T13:13:05.676Z [48d8393b67fce499] [ACCEPTED LOGIN]   for client : jffe@000 / 127.0.0.1.
2021-03-10T13:13:05.693Z [27914798ed880008] [ACCEPTED LOGIN]   for client : jffe@000 / 127.0.0.1.
2021-03-10T13:13:05.699Z [1483501d971f3539] [ACCEPTED LOGIN]   for client : jffe@000 / 127.0.0.1.
2021-03-10T13:13:35.652Z [473093f3b9ee4035] [ACCEPTED LOGIN]   for client : jffe@000 / 127.0.0.1.
2021-03-10T13:13:35.661Z [76d6dc4c6ec485a8] [ACCEPTED LOGIN]   for client : jffe@000 / 127.0.0.1.
2021-03-10T13:13:35.665Z [46076e3d90e603ed] [ACCEPTED LOGIN]   for client : jffe@000 / 127.0.0.1.
2021-03-10T13:13:35.666Z [5798b703ef26f129] [ACCEPTED LOGIN]   for client : jffe@000 / 127.0.0.1.
2021-03-10T13:14:05.653Z [61a02a7ff5a5401d] [ACCEPTED LOGIN]   for client : jffe@000 / 127.0.0.1.
2021-03-10T13:14:05.675Z [5c047b65bdb49013] [ACCEPTED LOGIN]   for client : jffe@000 / 127.0.0.1.
2021-03-10T13:14:05.686Z [7d6beb1164a4e3b7] [ACCEPTED LOGIN]   for client : jffe@000 / 127.0.0.1.
2021-03-10T13:14:05.696Z [50203c3b6190e015] [ACCEPTED LOGIN]   for client : jffe@000 / 127.0.0.1.
2021-03-10T13:14:35.643Z [48f8d77b963f083d] [ACCEPTED LOGIN]   for client : jffe@000 / 127.0.0.1.
2021-03-10T13:14:35.654Z [1be5ce0a9c1e6da9] [ACCEPTED LOGIN]   for client : jffe@000 / 127.0.0.1.
2021-03-10T13:14:35.682Z [609cb5f77259cda6] [ACCEPTED LOGIN]   for client : jffe@000 / 127.0.0.1.
2021-03-10T13:14:35.688Z [3cfceae53236b72c] [ACCEPTED LOGIN]   for client : jffe@000 / 127.0.0.1.
2021-03-10T13:15:05.660Z [b32f5e3c0d0053c ] [ACCEPTED LOGIN]   for client : jffe@000 / 127.0.0.1.
2021-03-10T13:15:05.670Z [10b9ceb5bdbf6c2e] [ACCEPTED LOGIN]   for client : jffe@000 / 127.0.0.1.
2021-03-10T13:15:05.671Z [5235033f295851cf] [ACCEPTED LOGIN]   for client : jffe@000 / 127.0.0.1.
2021-03-10T13:15:05.695Z [44bcbc68a97b458c] [ACCEPTED LOGIN]   for client : jffe@000 / 127.0.0.1.
2021-03-10T13:15:35.671Z [2ff006171a4f1715] [ACCEPTED LOGIN]   for client : jffe@000 / 127.0.0.1.
2021-03-10T13:15:35.684Z [5bc752cfd80e78af] [ACCEPTED LOGIN]   for client : jffe@000 / 127.0.0.1.
2021-03-10T13:15:35.687Z [2af52807b693f8ba] [ACCEPTED LOGIN]   for client : jffe@000 / 127.0.0.1.
2021-03-10T13:15:35.688Z [42534d80fc4c3aef] [ACCEPTED LOGIN]   for client : jffe@000 / 127.0.0.1.
2021-03-10T13:16:05.834Z [677195ced2c0c596] [ACCEPTED LOGIN]   for client : jffe@000 / 127.0.0.1.
2021-03-10T13:16:05.872Z [350d634662b4b1a4] [ACCEPTED LOGIN]   for client : jffe@000 / 127.0.0.1.
2021-03-10T13:16:05.873Z [548d1696bd08089c] [ACCEPTED LOGIN]   for client : jffe@000 / 127.0.0.1.
2021-03-10T13:16:05.888Z [71ac3efd0b52d8d7] [ACCEPTED LOGIN]   for client : jffe@000 / 127.0.0.1.
2021-03-10T13:16:35.669Z [1a10b0081efa6c26] [ACCEPTED LOGIN]   for client : jffe@000 / 127.0.0.1.
2021-03-10T13:16:35.669Z [3b0c4a5fe922efba] [ACCEPTED LOGIN]   for client : jffe@000 / 127.0.0.1.
2021-03-10T13:16:35.678Z [6bcc83d26d643ed0] [ACCEPTED LOGIN]   for client : jffe@000 / 127.0.0.1.
2021-03-10T13:16:35.685Z [1f6cec801807e93e] [ACCEPTED LOGIN]   for client : jffe@000 / 127.0.0.1.
2021-03-10T13:17:05.698Z [5f7d9a2a5ed14030] [ACCEPTED LOGIN]   for client : jffe@000 / 127.0.0.1.
2021-03-10T13:17:05.699Z [25db42ebe8ff4c07] [ACCEPTED LOGIN]   for client : jffe@000 / 127.0.0.1.
2021-03-10T13:17:05.712Z [14ec78206eb743bc] [ACCEPTED LOGIN]   for client : jffe@000 / 127.0.0.1.
2021-03-10T13:17:05.702Z [f33ba97cca1658  ] [ACCEPTED LOGIN]   for client : jffe@000 / 127.0.0.1.
2021-03-10T13:17:35.699Z [33f056d6a333af8c] [ACCEPTED LOGIN]   for client : jffe@000 / 127.0.0.1.
2021-03-10T13:17:35.699Z [4a6801df4b178487] [ACCEPTED LOGIN]   for client : jffe@000 / 127.0.0.1.
2021-03-10T13:17:35.712Z [35d14101944a47ed] [ACCEPTED LOGIN]   for client : jffe@000 / 127.0.0.1.
2021-03-10T13:17:35.730Z [84e85660efd492e ] [ACCEPTED LOGIN]   for client : jffe@000 / 127.0.0.1.
2021-03-10T13:18:05.704Z [117aee7dd314d668] [ACCEPTED LOGIN]   for client : jffe@000 / 127.0.0.1.
2021-03-10T13:18:05.713Z [37e17cbe36bc6bda] [ACCEPTED LOGIN]   for client : jffe@000 / 127.0.0.1.
2021-03-10T13:18:05.719Z [7e2dfe94906f2c2e] [ACCEPTED LOGIN]   for client : jffe@000 / 127.0.0.1.
2021-03-10T13:18:05.726Z [24204e359b79fe40] [ACCEPTED LOGIN]   for client : jffe@000 / 127.0.0.1.
2021-03-10T13:18:35.699Z [3698990235f2859f] [ACCEPTED LOGIN]   for client : jffe@000 / 127.0.0.1.
2021-03-10T13:18:35.702Z [430463dfdbf74348] [ACCEPTED LOGIN]   for client : jffe@000 / 127.0.0.1.
2021-03-10T13:18:35.705Z [364aab3f363895c8] [ACCEPTED LOGIN]   for client : jffe@000 / 127.0.0.1.
2021-03-10T13:18:35.713Z [41ec399d40b1b224] [ACCEPTED LOGIN]   for client : jffe@000 / 127.0.0.1.
2021-03-10T13:19:05.700Z [649e7edeb9aa874a] [ACCEPTED LOGIN]   for client : jffe@000 / 127.0.0.1.
2021-03-10T13:19:05.708Z [37d26458e88f0f03] [ACCEPTED LOGIN]   for client : jffe@000 / 127.0.0.1.
2021-03-10T13:19:05.719Z [40a64cd4879857fb] [ACCEPTED LOGIN]   for client : jffe@000 / 127.0.0.1.
2021-03-10T13:19:05.737Z [663dfdd9785e3cc5] [ACCEPTED LOGIN]   for client : jffe@000 / 127.0.0.1.
2021-03-10T13:21:05.422Z [3ca06958761c1c2b] [ACCEPTED LOGIN]   for client : jffe@000 / 127.0.0.1.
2021-03-10T13:21:37.811Z [1d66cc9905138f6d] [ACCEPTED LOGIN]   for client : jffe@000 / 127.0.0.1.
2021-03-10T13:21:37.819Z [33d7ac7a65c0d3b0] [ACCEPTED LOGIN]   for client : jffe@000 / 127.0.0.1.
2021-03-10T13:21:37.811Z [51512188597d456b] [ACCEPTED LOGIN]   for client : jffe@000 / 127.0.0.1.
2021-03-10T13:21:37.805Z [7373cbeefcc26a80] [ACCEPTED LOGIN]   for client : jffe@000 / 127.0.0.1.
2021-03-10T13:22:07.733Z [2eae8105a70f8f99] [ACCEPTED LOGIN]   for client : jffe@000 / 127.0.0.1.
2021-03-10T13:22:07.748Z [40afbdb7cf485c6 ] [ACCEPTED LOGIN]   for client : jffe@000 / 127.0.0.1.
2021-03-10T13:22:07.762Z [5c844dc8ebea457f] [ACCEPTED LOGIN]   for client : jffe@000 / 127.0.0.1.
2021-03-10T13:22:07.760Z [7d045665ace4c129] [ACCEPTED LOGIN]   for client : jffe@000 / 127.0.0.1.
2021-03-10T13:22:37.749Z [69407b9c1ae4bc58] [ACCEPTED LOGIN]   for client : jffe@000 / 127.0.0.1.
2021-03-10T13:22:37.768Z [73512a076fdeae08] [ACCEPTED LOGIN]   for client : jffe@000 / 127.0.0.1.
2021-03-10T13:22:37.769Z [28c1ea5c12c01c3d] [ACCEPTED LOGIN]   for client : jffe@000 / 127.0.0.1.
2021-03-10T13:22:37.778Z [3ac7252d1627a183] [ACCEPTED LOGIN]   for client : jffe@000 / 127.0.0.1.
2021-03-10T13:23:07.732Z [17cb81ecd69d3574] [ACCEPTED LOGIN]   for client : jffe@000 / 127.0.0.1.
2021-03-10T13:23:07.764Z [4c82173ad8c27e0e] [ACCEPTED LOGIN]   for client : jffe@000 / 127.0.0.1.
2021-03-10T13:23:07.768Z [7356db27928639dc] [ACCEPTED LOGIN]   for client : jffe@000 / 127.0.0.1.
2021-03-10T13:23:07.768Z [62c3831f33135fae] [ACCEPTED LOGIN]   for client : jffe@000 / 127.0.0.1.
2021-03-10T13:23:37.733Z [46018bea8cbec87f] [ACCEPTED LOGIN]   for client : jffe@000 / 127.0.0.1.
2021-03-10T13:23:37.733Z [33b0cc6b9dcaa0a8] [ACCEPTED LOGIN]   for client : jffe@000 / 127.0.0.1.
2021-03-10T13:23:37.734Z [159a972b2fd920b1] [ACCEPTED LOGIN]   for client : jffe@000 / 127.0.0.1.
2021-03-10T13:23:37.753Z [1d1f2cbb9032e27e] [ACCEPTED LOGIN]   for client : jffe@000 / 127.0.0.1.
2021-03-10T13:24:07.741Z [538a0487c0907f17] [ACCEPTED LOGIN]   for client : jffe@000 / 127.0.0.1.
2021-03-10T13:24:07.764Z [2adf1abffa40b6ef] [ACCEPTED LOGIN]   for client : jffe@000 / 127.0.0.1.
2021-03-10T13:24:07.785Z [12f2f826cf1c5be4] [ACCEPTED LOGIN]   for client : jffe@000 / 127.0.0.1.
2021-03-10T13:24:07.794Z [4de87b9f42dabb1e] [ACCEPTED LOGIN]   for client : jffe@000 / 127.0.0.1.
2021-03-10T13:24:37.726Z [586cb6ef77b26187] [ACCEPTED LOGIN]   for client : jffe@000 / 127.0.0.1.
2021-03-10T13:24:37.733Z [17d12bf0b47c3265] [ACCEPTED LOGIN]   for client : jffe@000 / 127.0.0.1.
2021-03-10T13:24:37.743Z [eead4304695f622 ] [ACCEPTED LOGIN]   for client : jffe@000 / 127.0.0.1.
2021-03-10T13:24:37.747Z [5341e327dfb589c6] [ACCEPTED LOGIN]   for client : jffe@000 / 127.0.0.1.
2021-03-10T13:25:07.740Z [7ff352621a64ec0e] [ACCEPTED LOGIN]   for client : jffe@000 / 127.0.0.1.
2021-03-10T13:25:07.747Z [3941cdfb0fc430a4] [ACCEPTED LOGIN]   for client : jffe@000 / 127.0.0.1.
2021-03-10T13:25:07.749Z [3319ab94d9b2b104] [ACCEPTED LOGIN]   for client : jffe@000 / 127.0.0.1.
2021-03-10T13:25:07.753Z [7c2b063c70d81401] [ACCEPTED LOGIN]   for client : jffe@000 / 127.0.0.1.
2021-03-10T13:25:10.988Z [387b5f844bee94da] [ACCEPTED LOGIN]   for client : anonymous / 192.168.44.1.
2021-03-10T13:25:11.065Z [387b5f844bee94da] [ACCEPTED LOGIN]   for client : anonymous / 192.168.44.1.
2021-03-10T13:25:11.296Z [b08cb05da7776d7 ] [ACCEPTED LOGIN]   for client : anonymous / 192.168.44.1.
2021-03-10T13:25:11.793Z [339a47484a06384d] [ACCEPTED LOGIN]   for client : anonymous / 192.168.44.1.
2021-03-10T13:25:11.815Z [339a47484a06384d] [ACCEPTED LOGIN]   for client : anonymous / 192.168.44.1.
2021-03-10T13:25:12.781Z [2c4f66c049e8af5d] [ACCEPTED LOGIN]   for client : anonymous / 192.168.44.1.
2021-03-10T13:25:25.455Z [3004f9b744c4a094] [DENIED LOGIN]   for client : admin / 192.168.44.1.
2021-03-10T13:25:37.727Z [363f66f8db85fe6c] [ACCEPTED LOGIN]   for client : jffe@000 / 127.0.0.1.
2021-03-10T13:25:37.743Z [29fb1db20d5ab1cd] [ACCEPTED LOGIN]   for client : jffe@000 / 127.0.0.1.
2021-03-10T13:25:37.743Z [3ea59bb62ada9fbe] [ACCEPTED LOGIN]   for client : jffe@000 / 127.0.0.1.
2021-03-10T13:25:37.770Z [3425225e8d9e9d0e] [ACCEPTED LOGIN]   for client : jffe@000 / 127.0.0.1.
2021-03-10T13:26:07.794Z [38fcfa123067c049] [ACCEPTED LOGIN]   for client : jffe@000 / 127.0.0.1.
2021-03-10T13:26:07.795Z [2a889524045b6e5b] [ACCEPTED LOGIN]   for client : jffe@000 / 127.0.0.1.
2021-03-10T13:26:07.799Z [24df4c072245c4fe] [ACCEPTED LOGIN]   for client : jffe@000 / 127.0.0.1.
2021-03-10T13:26:07.803Z [1359b7400af106ad] [ACCEPTED LOGIN]   for client : jffe@000 / 127.0.0.1.
2021-03-10T13:26:37.544Z [1bc7ff47f74205c2] [ACCEPTED LOGIN]   for client : admin / 192.168.44.1.
2021-03-10T13:26:37.786Z [76ed36eeaed7826d] [ACCEPTED LOGIN]   for client : jffe@000 / 127.0.0.1.
2021-03-10T13:26:37.788Z [729fade292d77589] [ACCEPTED LOGIN]   for client : jffe@000 / 127.0.0.1.
2021-03-10T13:26:37.800Z [6f1129679531248c] [ACCEPTED LOGIN]   for client : jffe@000 / 127.0.0.1.
2021-03-10T13:26:37.814Z [1f7fca9bd5aa069a] [ACCEPTED LOGIN]   for client : jffe@000 / 127.0.0.1.
2021-03-10T13:26:38.005Z [5b0d35ef383cf8b5] [ACCEPTED LOGIN]   for client : admin / 192.168.44.1.
2021-03-10T13:26:38.006Z [5b0d35ef383cf8b5] [ACCEPTED LOGIN]   for client : admin / 192.168.44.1.
2021-03-10T13:26:38.080Z [11d42d9eb9b94669] [ACCEPTED LOGIN]   for client : admin / 192.168.44.1.
2021-03-10T13:27:03.053Z [6171fc60907f0a95] [ACCEPTED LOGIN]   for client : admin / 192.168.44.1.
2021-03-10T13:27:07.803Z [17df283c40e9ee22] [ACCEPTED LOGIN]   for client : jffe@000 / 127.0.0.1.
2021-03-10T13:27:07.806Z [a0ccf057f6097b8 ] [ACCEPTED LOGIN]   for client : jffe@000 / 127.0.0.1.
2021-03-10T13:27:07.814Z [dc681f6bedd23e0 ] [ACCEPTED LOGIN]   for client : jffe@000 / 127.0.0.1.
2021-03-10T13:27:07.821Z [5ee1fa56e484542c] [ACCEPTED LOGIN]   for client : jffe@000 / 127.0.0.1.
2021-03-10T13:27:18.177Z [74bb16831a96c500] [ACCEPTED LOGIN]   for client : admin / 192.168.44.1.
2021-03-10T13:27:37.780Z [70e433005319cdc3] [ACCEPTED LOGIN]   for client : jffe@000 / 127.0.0.1.
2021-03-10T13:27:37.780Z [c0d40fd78d1cebc ] [ACCEPTED LOGIN]   for client : jffe@000 / 127.0.0.1.
2021-03-10T13:27:37.799Z [6b6919bb25baceab] [ACCEPTED LOGIN]   for client : jffe@000 / 127.0.0.1.
2021-03-10T13:27:37.810Z [3c44518cd7fd5f6 ] [ACCEPTED LOGIN]   for client : jffe@000 / 127.0.0.1.
2021-03-10T13:27:52.999Z [46cf2683c454df39] [ACCEPTED LOGIN]   for client : admin / 192.168.44.1.
2021-03-10T13:28:07.769Z [496f1dabc2bff790] [ACCEPTED LOGIN]   for client : jffe@000 / 127.0.0.1.
2021-03-10T13:28:07.771Z [664fb772e42f0494] [ACCEPTED LOGIN]   for client : jffe@000 / 127.0.0.1.
2021-03-10T13:28:07.786Z [3e925f5787fb0441] [ACCEPTED LOGIN]   for client : jffe@000 / 127.0.0.1.
2021-03-10T13:28:07.796Z [8326a5602e54d3f ] [ACCEPTED LOGIN]   for client : jffe@000 / 127.0.0.1.
2021-03-10T13:28:09.017Z [52577de6f19515c6] [ACCEPTED LOGIN]   for client : admin / 192.168.44.1.
2021-03-10T13:28:24.427Z [227094b68c57f5b0] [ACCEPTED CONFIGURATION_CHANGE]   for client : admin / 192.168.44.1.
2021-03-10T13:28:24.739Z [b959f6fba31240b ] [ACCEPTED LOGIN]   for client : admin / 192.168.44.1.
2021-03-10T13:28:24.753Z [3183823c90553c2e] [ACCEPTED LOGIN]   for client : admin / 192.168.44.1.
2021-03-10T13:28:24.763Z [6c1c85443a3ce896] [ACCEPTED LOGIN]   for client : admin / 192.168.44.1.
2021-03-10T13:28:24.781Z [e1353867ff16817 ] [ACCEPTED LOGIN]   for client : admin / 192.168.44.1.
2021-03-10T13:28:24.781Z [b00bf2e634d5460 ] [ACCEPTED LOGIN]   for client : admin / 192.168.44.1.
2021-03-10T13:28:37.764Z [5c6bd0971cf97bac] [ACCEPTED LOGIN]   for client : jffe@000 / 127.0.0.1.
2021-03-10T13:28:37.776Z [22756fb49b8e25e4] [ACCEPTED LOGIN]   for client : jffe@000 / 127.0.0.1.
2021-03-10T13:28:37.796Z [1b3bb8dd47542be ] [ACCEPTED LOGIN]   for client : jffe@000 / 127.0.0.1.
2021-03-10T13:28:37.801Z [546076ee29a8a534] [ACCEPTED LOGIN]   for client : jffe@000 / 127.0.0.1.
2021-03-10T13:28:42.492Z [1c480e3b56a608b4] [ACCEPTED CONFIGURATION_CHANGE]   for client : admin / 192.168.44.1.
2021-03-10T13:28:42.494Z [1c480e3b56a608b4] [ACCEPTED LOGIN]   for client : admin / 192.168.44.1.
2021-03-10T13:29:07.787Z [231d26354906a708] [ACCEPTED LOGIN]   for client : jffe@000 / 127.0.0.1.
2021-03-10T13:29:07.788Z [45d7437268488ef5] [ACCEPTED LOGIN]   for client : jffe@000 / 127.0.0.1.
2021-03-10T13:29:07.794Z [6d522b33e7753cb4] [ACCEPTED LOGIN]   for client : jffe@000 / 127.0.0.1.
2021-03-10T13:29:07.804Z [28b91ce5a7d7af8b] [ACCEPTED LOGIN]   for client : jffe@000 / 127.0.0.1.
2021-03-10T13:29:07.988Z [35ffa34b4715960d] [ACCEPTED LOGIN]   for client : admin / 192.168.44.1.
2021-03-10T13:30:33.789Z [fd95cec31c19763 ] [ACCEPTED LOGIN]   for client : jffe@000 / 127.0.0.1.
2021-03-10T13:31:04.510Z [3d66f6afd72f4f3d] [ACCEPTED LOGIN]   for client : admin / 192.168.44.1.
2021-03-10T13:31:04.541Z [3d66f6afd72f4f3d] [ACCEPTED LOGIN]   for client : admin / 192.168.44.1.
2021-03-10T13:31:04.581Z [6fdd8bbd49b659f8] [ACCEPTED LOGIN]   for client : admin / 192.168.44.1.
2021-03-10T13:31:06.002Z [2870fbddb55ba3ca] [ACCEPTED LOGIN]   for client : jffe@000 / 127.0.0.1.
2021-03-10T13:31:06.014Z [696dd9ce83b2d01c] [ACCEPTED LOGIN]   for client : jffe@000 / 127.0.0.1.
2021-03-10T13:31:06.022Z [431e95f71be32f40] [ACCEPTED LOGIN]   for client : jffe@000 / 127.0.0.1.
2021-03-10T13:31:06.063Z [5932459714896483] [ACCEPTED LOGIN]   for client : jffe@000 / 127.0.0.1.
2021-03-10T13:31:30.499Z [46040701f2190eb3] [ACCEPTED LOGIN]   for client : admin / 192.168.44.1.
2021-03-10T13:31:35.972Z [7b4f825e59cb388f] [ACCEPTED LOGIN]   for client : jffe@000 / 127.0.0.1.
2021-03-10T13:31:35.997Z [3072c2df0a343c68] [ACCEPTED LOGIN]   for client : jffe@000 / 127.0.0.1.
2021-03-10T13:31:36.007Z [373e0656c36f316b] [ACCEPTED LOGIN]   for client : jffe@000 / 127.0.0.1.
2021-03-10T13:31:36.011Z [5c26d708c34fd581] [ACCEPTED LOGIN]   for client : jffe@000 / 127.0.0.1.
2021-03-10T13:31:55.451Z [2b9baef6aaaaf524] [ACCEPTED LOGIN]   for client : admin / 192.168.44.1.
2021-03-10T13:32:06.042Z [201041d967113332] [ACCEPTED LOGIN]   for client : jffe@000 / 127.0.0.1.
2021-03-10T13:32:06.053Z [74eaff992c81abe ] [ACCEPTED LOGIN]   for client : jffe@000 / 127.0.0.1.
2021-03-10T13:32:06.057Z [232f5ed040d1e165] [ACCEPTED LOGIN]   for client : jffe@000 / 127.0.0.1.
2021-03-10T13:32:06.066Z [297efc2e1f6f77c3] [ACCEPTED LOGIN]   for client : jffe@000 / 127.0.0.1.
2021-03-10T13:32:20.466Z [c0b35ec60e9ebf9 ] [ACCEPTED LOGIN]   for client : admin / 192.168.44.1.
2021-03-10T13:32:36.060Z [4b4ab001e79551ff] [ACCEPTED LOGIN]   for client : jffe@000 / 127.0.0.1.
2021-03-10T13:32:36.059Z [172bab2cc739b694] [ACCEPTED LOGIN]   for client : jffe@000 / 127.0.0.1.
2021-03-10T13:32:36.075Z [532c72b22f7d3af7] [ACCEPTED LOGIN]   for client : jffe@000 / 127.0.0.1.
2021-03-10T13:32:36.079Z [8f53f058a632452 ] [ACCEPTED LOGIN]   for client : jffe@000 / 127.0.0.1.
2021-03-10T13:32:45.491Z [1c2d52298ca5dd5f] [ACCEPTED LOGIN]   for client : admin / 192.168.44.1.
2021-03-10T13:33:06.016Z [13e8ac9244efcf0b] [ACCEPTED LOGIN]   for client : jffe@000 / 127.0.0.1.
2021-03-10T13:33:06.023Z [1b0505dca020af83] [ACCEPTED LOGIN]   for client : jffe@000 / 127.0.0.1.
2021-03-10T13:33:06.045Z [5ddc029bdfa7ad8f] [ACCEPTED LOGIN]   for client : jffe@000 / 127.0.0.1.
2021-03-10T13:33:06.063Z [4839fd46b2ec980f] [ACCEPTED LOGIN]   for client : jffe@000 / 127.0.0.1.
2021-03-10T13:33:07.394Z [22013011eb6e843b] [ACCEPTED LOGIN]   for client : admin / 192.168.44.1.
2021-03-10T13:33:35.482Z [4f14210f24278aa8] [ACCEPTED LOGIN]   for client : admin / 192.168.44.1.
2021-03-10T13:33:36.033Z [42c5464bcbd368d5] [ACCEPTED LOGIN]   for client : jffe@000 / 127.0.0.1.
2021-03-10T13:33:36.041Z [5f9659ebd0742295] [ACCEPTED LOGIN]   for client : jffe@000 / 127.0.0.1.
2021-03-10T13:33:36.061Z [21e14f4fd2ddb3a9] [ACCEPTED LOGIN]   for client : jffe@000 / 127.0.0.1.
2021-03-10T13:33:36.064Z [5af5fa20d66a07  ] [ACCEPTED LOGIN]   for client : jffe@000 / 127.0.0.1.
2021-03-10T13:33:58.331Z [f54d92fa89db5540] [ACCEPTED DEPLOY] libs-release-local:pl/pandait/panda/0.0.1/panda-0.0.1.jar  for client : admin / 192.168.44.44.
2021-03-10T13:33:58.386Z [f54d92fa89db5540] [ACCEPTED LOGIN]   for client : admin / 192.168.44.44.
2021-03-10T13:33:59.629Z [3b7f1d5ca47166cc] [ACCEPTED DEPLOY] libs-release-local:pl/pandait/panda/0.0.1/panda-0.0.1.pom  for client : admin / 192.168.44.44.
2021-03-10T13:33:59.971Z [11df938031d6574f] [ACCEPTED DEPLOY] libs-release-local:pl/pandait/panda/maven-metadata.xml  for client : admin / .
2021-03-10T13:34:00.036Z [40b918f47ada98a4] [ACCEPTED DEPLOY] libs-release-local:pl/pandait/panda/maven-metadata.xml  for client : admin / 192.168.44.44.
2021-03-10T13:34:00.482Z [212f080afdeef9ad] [ACCEPTED LOGIN]   for client : admin / 192.168.44.1.
2021-03-10T13:34:05.991Z [56b276157dad7b1f] [ACCEPTED LOGIN]   for client : jffe@000 / 127.0.0.1.
2021-03-10T13:34:05.998Z [10f010219871e62b] [ACCEPTED LOGIN]   for client : jffe@000 / 127.0.0.1.
2021-03-10T13:34:06.002Z [655f74c9d056d292] [ACCEPTED LOGIN]   for client : jffe@000 / 127.0.0.1.
2021-03-10T13:34:06.006Z [2e5975cb5ed6112b] [ACCEPTED LOGIN]   for client : jffe@000 / 127.0.0.1.
2021-03-10T13:34:15.574Z [63937781d9428055] [ACCEPTED LOGIN]   for client : admin / 192.168.44.1.
2021-03-10T13:34:15.609Z [4c7c4050b29d2170] [ACCEPTED LOGIN]   for client : admin / 192.168.44.1.
2021-03-10T13:34:31.369Z [18401f5cdad6dbef] [ACCEPTED LOGIN]   for client : admin / 192.168.44.1.
2021-03-10T13:34:36.063Z [2e501ff64aa86b6d] [ACCEPTED LOGIN]   for client : jffe@000 / 127.0.0.1.
2021-03-10T13:34:36.064Z [43b9ba4eaeeafa27] [ACCEPTED LOGIN]   for client : jffe@000 / 127.0.0.1.
2021-03-10T13:34:36.095Z [3dd7278236799650] [ACCEPTED LOGIN]   for client : jffe@000 / 127.0.0.1.
2021-03-10T13:34:36.133Z [3ca61203ef890497] [ACCEPTED LOGIN]   for client : jffe@000 / 127.0.0.1.
2021-03-10T13:35:05.875Z [5919a09e10719e09] [ACCEPTED LOGIN]   for client : admin / 192.168.44.1.
2021-03-10T13:35:06.161Z [11c70b07483caec2] [ACCEPTED LOGIN]   for client : jffe@000 / 127.0.0.1.
2021-03-10T13:35:06.217Z [426b815f328f9bc2] [ACCEPTED LOGIN]   for client : jffe@000 / 127.0.0.1.
2021-03-10T13:35:06.223Z [390243ea0e2077e4] [ACCEPTED LOGIN]   for client : jffe@000 / 127.0.0.1.
2021-03-10T13:35:06.294Z [2325fac2eaed1a42] [ACCEPTED LOGIN]   for client : jffe@000 / 127.0.0.1.
2021-03-10T13:35:30.725Z [68204f0bacdd2699] [ACCEPTED LOGIN]   for client : admin / 192.168.44.1.
2021-03-10T13:35:36.132Z [3f684cdd592c5545] [ACCEPTED LOGIN]   for client : jffe@000 / 127.0.0.1.
2021-03-10T13:35:36.142Z [16c287f23360567b] [ACCEPTED LOGIN]   for client : jffe@000 / 127.0.0.1.
2021-03-10T13:35:36.143Z [24b8b81093e04a54] [ACCEPTED LOGIN]   for client : jffe@000 / 127.0.0.1.
2021-03-10T13:35:36.146Z [2708d49c4ec13291] [ACCEPTED LOGIN]   for client : jffe@000 / 127.0.0.1.
2021-03-10T13:35:55.730Z [6ce7aae41e92ef83] [ACCEPTED LOGIN]   for client : admin / 192.168.44.1.
2021-03-10T13:36:06.015Z [739232be59f8591e] [ACCEPTED LOGIN]   for client : jffe@000 / 127.0.0.1.
2021-03-10T13:36:06.018Z [329f1b115fed572 ] [ACCEPTED LOGIN]   for client : jffe@000 / 127.0.0.1.
2021-03-10T13:36:06.024Z [1602b8a1fed4b00a] [ACCEPTED LOGIN]   for client : jffe@000 / 127.0.0.1.
2021-03-10T13:36:06.037Z [508d20ec25be2a09] [ACCEPTED LOGIN]   for client : jffe@000 / 127.0.0.1.
2021-03-10T13:36:20.760Z [754957854c6a18eb] [ACCEPTED LOGIN]   for client : admin / 192.168.44.1.
2021-03-10T13:36:36.020Z [7e70ef66aa103593] [ACCEPTED LOGIN]   for client : jffe@000 / 127.0.0.1.
2021-03-10T13:36:36.037Z [6bf924841153dd47] [ACCEPTED LOGIN]   for client : jffe@000 / 127.0.0.1.
2021-03-10T13:36:36.042Z [256d0e1e909ad91c] [ACCEPTED LOGIN]   for client : jffe@000 / 127.0.0.1.
2021-03-10T13:36:36.043Z [2c1213de0d753229] [ACCEPTED LOGIN]   for client : jffe@000 / 127.0.0.1.
2021-03-10T13:36:45.694Z [8f2bab424be99a7 ] [ACCEPTED LOGIN]   for client : admin / 192.168.44.1.
2021-03-10T13:37:06.062Z [7829052b7ba52ddf] [ACCEPTED LOGIN]   for client : jffe@000 / 127.0.0.1.
2021-03-10T13:37:06.065Z [771c0a8ce3ad6197] [ACCEPTED LOGIN]   for client : jffe@000 / 127.0.0.1.
2021-03-10T13:37:06.075Z [49d4cbedca0c9d44] [ACCEPTED LOGIN]   for client : jffe@000 / 127.0.0.1.
2021-03-10T13:37:06.083Z [22fbe17dff084b0b] [ACCEPTED LOGIN]   for client : jffe@000 / 127.0.0.1.
2021-03-10T13:37:10.703Z [4785ae78d0d5d210] [ACCEPTED LOGIN]   for client : admin / 192.168.44.1.
2021-03-10T13:37:35.726Z [1976d70c5c9c0066] [ACCEPTED LOGIN]   for client : admin / 192.168.44.1.
2021-03-10T13:37:36.021Z [7d29ae3ef1f26838] [ACCEPTED LOGIN]   for client : jffe@000 / 127.0.0.1.
2021-03-10T13:37:36.032Z [376e5930739df91 ] [ACCEPTED LOGIN]   for client : jffe@000 / 127.0.0.1.
2021-03-10T13:37:36.034Z [6df98cd3fe3349c9] [ACCEPTED LOGIN]   for client : jffe@000 / 127.0.0.1.
2021-03-10T13:37:36.053Z [722c94662f843b3c] [ACCEPTED LOGIN]   for client : jffe@000 / 127.0.0.1.
2021-03-10T13:38:00.699Z [4cfbe235a4819a74] [ACCEPTED LOGIN]   for client : admin / 192.168.44.1.
2021-03-10T13:38:06.052Z [302274f57a2d382a] [ACCEPTED LOGIN]   for client : jffe@000 / 127.0.0.1.
2021-03-10T13:38:06.053Z [5b76a9533c2b0d0e] [ACCEPTED LOGIN]   for client : jffe@000 / 127.0.0.1.
2021-03-10T13:38:06.058Z [68c94e8c3d35068f] [ACCEPTED LOGIN]   for client : jffe@000 / 127.0.0.1.
2021-03-10T13:38:06.058Z [68ea63814cc3647b] [ACCEPTED LOGIN]   for client : jffe@000 / 127.0.0.1.
2021-03-10T13:38:25.720Z [2a9ef300774d2c98] [ACCEPTED LOGIN]   for client : admin / 192.168.44.1.
2021-03-10T13:38:36.361Z [46d6ab02d6b89af ] [ACCEPTED LOGIN]   for client : jffe@000 / 127.0.0.1.
2021-03-10T13:38:36.380Z [27c721a84dbd0d3e] [ACCEPTED LOGIN]   for client : jffe@000 / 127.0.0.1.
2021-03-10T13:38:36.388Z [22db47147f90f4b7] [ACCEPTED LOGIN]   for client : jffe@000 / 127.0.0.1.
2021-03-10T13:38:36.395Z [2f74ace0032adecc] [ACCEPTED LOGIN]   for client : jffe@000 / 127.0.0.1.
2021-03-10T13:38:50.730Z [160a4ace2c8c6dfb] [ACCEPTED LOGIN]   for client : admin / 192.168.44.1.
2021-03-10T13:39:06.033Z [4d76dab13fe5179b] [ACCEPTED LOGIN]   for client : jffe@000 / 127.0.0.1.
2021-03-10T13:39:06.040Z [18679d96a53df45e] [ACCEPTED LOGIN]   for client : jffe@000 / 127.0.0.1.
2021-03-10T13:39:06.057Z [1d356e29846a6a60] [ACCEPTED LOGIN]   for client : jffe@000 / 127.0.0.1.
2021-03-10T13:39:06.059Z [6e14d5a200a5d611] [ACCEPTED LOGIN]   for client : jffe@000 / 127.0.0.1.
2021-03-10T13:39:15.704Z [177d1657af7b8cee] [ACCEPTED LOGIN]   for client : admin / 192.168.44.1.
2021-03-10T13:39:36.015Z [6fecabe0341ce474] [ACCEPTED LOGIN]   for client : jffe@000 / 127.0.0.1.
2021-03-10T13:39:36.020Z [7e4580014a9aa492] [ACCEPTED LOGIN]   for client : jffe@000 / 127.0.0.1.
2021-03-10T13:39:36.021Z [6ef5adeb7e1be6df] [ACCEPTED LOGIN]   for client : jffe@000 / 127.0.0.1.
2021-03-10T13:39:36.032Z [696231064f303cbe] [ACCEPTED LOGIN]   for client : jffe@000 / 127.0.0.1.
2021-03-10T13:39:40.710Z [39566f7862f33098] [ACCEPTED LOGIN]   for client : admin / 192.168.44.1.
2021-03-10T13:40:05.699Z [212f87c12696fa87] [ACCEPTED LOGIN]   for client : admin / 192.168.44.1.
2021-03-10T13:40:06.020Z [4049e8855782b2d0] [ACCEPTED LOGIN]   for client : jffe@000 / 127.0.0.1.
2021-03-10T13:40:06.021Z [57eccb088d7d1cd0] [ACCEPTED LOGIN]   for client : jffe@000 / 127.0.0.1.
2021-03-10T13:40:06.031Z [3e08ff5d7863b35f] [ACCEPTED LOGIN]   for client : jffe@000 / 127.0.0.1.
2021-03-10T13:40:06.041Z [44f5cbcb2225263e] [ACCEPTED LOGIN]   for client : jffe@000 / 127.0.0.1.
2021-03-10T13:40:30.724Z [85d3a52e3df4261 ] [ACCEPTED LOGIN]   for client : admin / 192.168.44.1.
2021-03-10T13:40:36.061Z [4d7a139421cf410d] [ACCEPTED LOGIN]   for client : jffe@000 / 127.0.0.1.
2021-03-10T13:40:36.091Z [138104d2efcbbea ] [ACCEPTED LOGIN]   for client : jffe@000 / 127.0.0.1.
2021-03-10T13:40:36.102Z [1bc9db9235668f69] [ACCEPTED LOGIN]   for client : jffe@000 / 127.0.0.1.
2021-03-10T13:40:36.126Z [36ec73be753ffe52] [ACCEPTED LOGIN]   for client : jffe@000 / 127.0.0.1.
2021-03-10T13:40:55.684Z [53fd8570244f54d2] [ACCEPTED LOGIN]   for client : admin / 192.168.44.1.
2021-03-10T13:41:06.045Z [6639c4a3831781b0] [ACCEPTED LOGIN]   for client : jffe@000 / 127.0.0.1.
2021-03-10T13:41:06.046Z [69d1d05a75745e08] [ACCEPTED LOGIN]   for client : jffe@000 / 127.0.0.1.
2021-03-10T13:41:06.079Z [374c3cae8273c6a1] [ACCEPTED LOGIN]   for client : jffe@000 / 127.0.0.1.
2021-03-10T13:41:06.084Z [25e48da1f9af057e] [ACCEPTED LOGIN]   for client : jffe@000 / 127.0.0.1.
2021-03-10T13:41:20.726Z [1aa102886027098d] [ACCEPTED LOGIN]   for client : admin / 192.168.44.1.
2021-03-10T13:41:36.056Z [33121fa30cc7522 ] [ACCEPTED LOGIN]   for client : jffe@000 / 127.0.0.1.
2021-03-10T13:41:36.059Z [16edb3202ebbd4a6] [ACCEPTED LOGIN]   for client : jffe@000 / 127.0.0.1.
2021-03-10T13:41:36.063Z [5ae9c080c8f31532] [ACCEPTED LOGIN]   for client : jffe@000 / 127.0.0.1.
2021-03-10T13:41:36.072Z [2b5fadae00a1c555] [ACCEPTED LOGIN]   for client : jffe@000 / 127.0.0.1.
2021-03-10T13:41:45.698Z [43c201d15ea50faf] [ACCEPTED LOGIN]   for client : admin / 192.168.44.1.
2021-03-10T13:42:06.064Z [1d634b9ce737d1d6] [ACCEPTED LOGIN]   for client : jffe@000 / 127.0.0.1.
2021-03-10T13:42:06.073Z [be91d751217617a ] [ACCEPTED LOGIN]   for client : jffe@000 / 127.0.0.1.
2021-03-10T13:42:06.075Z [80ccbe0574a2d1c ] [ACCEPTED LOGIN]   for client : jffe@000 / 127.0.0.1.
2021-03-10T13:42:06.077Z [687179b0067a5ca ] [ACCEPTED LOGIN]   for client : jffe@000 / 127.0.0.1.
2021-03-10T13:42:10.694Z [3ef67129d2f19e6c] [ACCEPTED LOGIN]   for client : admin / 192.168.44.1.
2021-03-10T13:42:36.042Z [694c436ef4b951bb] [ACCEPTED LOGIN]   for client : jffe@000 / 127.0.0.1.
2021-03-10T13:42:36.052Z [1618cfee7eb841ce] [ACCEPTED LOGIN]   for client : jffe@000 / 127.0.0.1.
2021-03-10T13:42:36.053Z [27fb5109cf2194e3] [ACCEPTED LOGIN]   for client : jffe@000 / 127.0.0.1.
2021-03-10T13:42:36.064Z [40b3359b86329d75] [ACCEPTED LOGIN]   for client : jffe@000 / 127.0.0.1.
2021-03-10T13:42:48.714Z [195ba0f4c6bc83f8] [ACCEPTED LOGIN]   for client : admin / 192.168.44.1.
2021-03-10T13:43:06.067Z [b5582e0d3c289a2 ] [ACCEPTED LOGIN]   for client : jffe@000 / 127.0.0.1.
2021-03-10T13:43:06.071Z [4fdcd73602bfa04 ] [ACCEPTED LOGIN]   for client : jffe@000 / 127.0.0.1.
2021-03-10T13:43:06.087Z [2e2526d81733dc80] [ACCEPTED LOGIN]   for client : jffe@000 / 127.0.0.1.
2021-03-10T13:43:06.099Z [6f7819daa439c89e] [ACCEPTED LOGIN]   for client : jffe@000 / 127.0.0.1.
2021-03-10T13:43:36.064Z [39e350569d15d620] [ACCEPTED LOGIN]   for client : jffe@000 / 127.0.0.1.
2021-03-10T13:43:36.087Z [34bbd2c2af7599b7] [ACCEPTED LOGIN]   for client : jffe@000 / 127.0.0.1.
2021-03-10T13:43:36.093Z [6d8274040b38ff40] [ACCEPTED LOGIN]   for client : jffe@000 / 127.0.0.1.
2021-03-10T13:43:36.108Z [38105734445ada29] [ACCEPTED LOGIN]   for client : jffe@000 / 127.0.0.1.
2021-03-10T13:43:48.672Z [a12d181138d96d2 ] [ACCEPTED LOGIN]   for client : admin / 192.168.44.1.
2021-03-10T13:44:06.074Z [58dad557339b5fa8] [ACCEPTED LOGIN]   for client : jffe@000 / 127.0.0.1.
2021-03-10T13:44:06.079Z [191629e591166042] [ACCEPTED LOGIN]   for client : jffe@000 / 127.0.0.1.
2021-03-10T13:44:06.085Z [3781cec41c9d08cb] [ACCEPTED LOGIN]   for client : jffe@000 / 127.0.0.1.
2021-03-10T13:44:06.086Z [35702cda62067da5] [ACCEPTED LOGIN]   for client : jffe@000 / 127.0.0.1.
2021-03-10T13:44:36.071Z [5e4236ffb642457d] [ACCEPTED LOGIN]   for client : jffe@000 / 127.0.0.1.
2021-03-10T13:44:36.079Z [71e2e93abe09403d] [ACCEPTED LOGIN]   for client : jffe@000 / 127.0.0.1.
2021-03-10T13:44:36.097Z [68532dff96c7199b] [ACCEPTED LOGIN]   for client : jffe@000 / 127.0.0.1.
2021-03-10T13:44:36.106Z [744554775635adf8] [ACCEPTED LOGIN]   for client : jffe@000 / 127.0.0.1.
2021-03-10T13:44:48.705Z [4e804254a309bfb5] [ACCEPTED LOGIN]   for client : admin / 192.168.44.1.
2021-03-10T13:45:06.081Z [77381da75a3af406] [ACCEPTED LOGIN]   for client : jffe@000 / 127.0.0.1.
2021-03-10T13:45:06.086Z [4328436c89afaca8] [ACCEPTED LOGIN]   for client : jffe@000 / 127.0.0.1.
2021-03-10T13:45:06.087Z [37d9451b163e99  ] [ACCEPTED LOGIN]   for client : jffe@000 / 127.0.0.1.
2021-03-10T13:45:06.095Z [6192313e9422b8fa] [ACCEPTED LOGIN]   for client : jffe@000 / 127.0.0.1.
2021-03-10T13:45:36.066Z [3774ac4bc8c82232] [ACCEPTED LOGIN]   for client : jffe@000 / 127.0.0.1.
2021-03-10T13:45:36.075Z [241604259a554e3e] [ACCEPTED LOGIN]   for client : jffe@000 / 127.0.0.1.
2021-03-10T13:45:36.090Z [5869eea4520e5a09] [ACCEPTED LOGIN]   for client : jffe@000 / 127.0.0.1.
2021-03-10T13:45:36.093Z [726f5e6a807cc8a8] [ACCEPTED LOGIN]   for client : jffe@000 / 127.0.0.1.
2021-03-10T13:45:48.673Z [663efc3f7071b2be] [ACCEPTED LOGIN]   for client : admin / 192.168.44.1.
2021-03-10T13:46:06.083Z [6586b7a794493fac] [ACCEPTED LOGIN]   for client : jffe@000 / 127.0.0.1.
2021-03-10T13:46:06.083Z [34db2ff0ed0bc90b] [ACCEPTED LOGIN]   for client : jffe@000 / 127.0.0.1.
2021-03-10T13:46:06.097Z [6ea14e09f3555731] [ACCEPTED LOGIN]   for client : jffe@000 / 127.0.0.1.
2021-03-10T13:46:06.106Z [1e358a28e2bbc5ed] [ACCEPTED LOGIN]   for client : jffe@000 / 127.0.0.1.
2021-03-10T13:46:36.133Z [58a3cd5b028d068a] [ACCEPTED LOGIN]   for client : jffe@000 / 127.0.0.1.
2021-03-10T13:46:36.138Z [7fe8e84971022af7] [ACCEPTED LOGIN]   for client : jffe@000 / 127.0.0.1.
2021-03-10T13:46:36.140Z [4267c7559f6cb4ad] [ACCEPTED LOGIN]   for client : jffe@000 / 127.0.0.1.
2021-03-10T13:46:36.145Z [51d9fba64abb0190] [ACCEPTED LOGIN]   for client : jffe@000 / 127.0.0.1.
2021-03-10T13:46:48.703Z [62b59af7357d619a] [ACCEPTED LOGIN]   for client : admin / 192.168.44.1.
2021-03-10T13:47:06.109Z [657740b980f2447c] [ACCEPTED LOGIN]   for client : jffe@000 / 127.0.0.1.
2021-03-10T13:47:06.121Z [15b938eca1adebb1] [ACCEPTED LOGIN]   for client : jffe@000 / 127.0.0.1.
2021-03-10T13:47:06.122Z [7a2fe386f5198c9c] [ACCEPTED LOGIN]   for client : jffe@000 / 127.0.0.1.
2021-03-10T13:47:06.128Z [716be62ae2f7ad4d] [ACCEPTED LOGIN]   for client : jffe@000 / 127.0.0.1.
2021-03-10T13:47:36.136Z [5222a0dd5a327c0e] [ACCEPTED LOGIN]   for client : jffe@000 / 127.0.0.1.
2021-03-10T13:47:36.139Z [36eb15951e36dcec] [ACCEPTED LOGIN]   for client : jffe@000 / 127.0.0.1.
2021-03-10T13:47:36.142Z [1a98d4139ae8b88e] [ACCEPTED LOGIN]   for client : jffe@000 / 127.0.0.1.
2021-03-10T13:47:36.162Z [37a84a39f193b255] [ACCEPTED LOGIN]   for client : jffe@000 / 127.0.0.1.
2021-03-10T13:47:48.672Z [737e96ed8ca1750c] [ACCEPTED LOGIN]   for client : admin / 192.168.44.1.
2021-03-10T13:48:06.107Z [10e0a537497fabbc] [ACCEPTED LOGIN]   for client : jffe@000 / 127.0.0.1.
2021-03-10T13:48:06.119Z [58d7b28e84fa41fd] [ACCEPTED LOGIN]   for client : jffe@000 / 127.0.0.1.
2021-03-10T13:48:06.119Z [42fd951fd59c1e9a] [ACCEPTED LOGIN]   for client : jffe@000 / 127.0.0.1.
2021-03-10T13:48:06.125Z [5702dee503e11025] [ACCEPTED LOGIN]   for client : jffe@000 / 127.0.0.1.
2021-03-10T13:48:36.125Z [58a3a2dd59b3f194] [ACCEPTED LOGIN]   for client : jffe@000 / 127.0.0.1.
2021-03-10T13:48:36.130Z [39a00cae1af75a8a] [ACCEPTED LOGIN]   for client : jffe@000 / 127.0.0.1.
2021-03-10T13:48:36.137Z [5cd5ef9b6b3a1a44] [ACCEPTED LOGIN]   for client : jffe@000 / 127.0.0.1.
2021-03-10T13:48:36.138Z [1c63a6e5f4ae164f] [ACCEPTED LOGIN]   for client : jffe@000 / 127.0.0.1.
2021-03-10T13:48:48.714Z [7ed6495940809be6] [ACCEPTED LOGIN]   for client : admin / 192.168.44.1.
2021-03-10T13:49:06.123Z [126fab579fa56888] [ACCEPTED LOGIN]   for client : jffe@000 / 127.0.0.1.
2021-03-10T13:49:06.136Z [4f7bf70b54bd34c3] [ACCEPTED LOGIN]   for client : jffe@000 / 127.0.0.1.
2021-03-10T13:49:06.139Z [53d7c474442a6065] [ACCEPTED LOGIN]   for client : jffe@000 / 127.0.0.1.
2021-03-10T13:49:06.143Z [36ca9b0fb86e2f34] [ACCEPTED LOGIN]   for client : jffe@000 / 127.0.0.1.
2021-03-10T13:49:36.131Z [27bbd7a7bb64853 ] [ACCEPTED LOGIN]   for client : jffe@000 / 127.0.0.1.
2021-03-10T13:49:36.135Z [1703cf300a8e1ca6] [ACCEPTED LOGIN]   for client : jffe@000 / 127.0.0.1.
2021-03-10T13:49:36.139Z [99f3e9176dc6c51 ] [ACCEPTED LOGIN]   for client : jffe@000 / 127.0.0.1.
2021-03-10T13:49:36.140Z [42ae506cf0ffb2be] [ACCEPTED LOGIN]   for client : jffe@000 / 127.0.0.1.
2021-03-10T13:49:48.725Z [161b9c4377c0489b] [ACCEPTED LOGIN]   for client : admin / 192.168.44.1.
2021-03-10T13:50:06.152Z [5e24f94052ee70a0] [ACCEPTED LOGIN]   for client : jffe@000 / 127.0.0.1.
2021-03-10T13:50:06.163Z [2f502aa7d02f96a6] [ACCEPTED LOGIN]   for client : jffe@000 / 127.0.0.1.
2021-03-10T13:50:06.164Z [6018795805af2644] [ACCEPTED LOGIN]   for client : jffe@000 / 127.0.0.1.
2021-03-10T13:50:06.171Z [55945fc77e3722db] [ACCEPTED LOGIN]   for client : jffe@000 / 127.0.0.1.
2021-03-10T13:50:36.167Z [3d33ecf96301edd5] [ACCEPTED LOGIN]   for client : jffe@000 / 127.0.0.1.
2021-03-10T13:50:36.171Z [2551098153ac067f] [ACCEPTED LOGIN]   for client : jffe@000 / 127.0.0.1.
2021-03-10T13:50:36.195Z [9862c0fc84264ba ] [ACCEPTED LOGIN]   for client : jffe@000 / 127.0.0.1.
2021-03-10T13:50:36.196Z [4802394f466bd96f] [ACCEPTED LOGIN]   for client : jffe@000 / 127.0.0.1.
2021-03-10T13:50:48.677Z [14fcda84b3874329] [ACCEPTED LOGIN]   for client : admin / 192.168.44.1.
