2021-03-10T13:29:54.124Z [jffe ] [INFO ] [                ] [                              ] [main                ] - frontend (jffe) service initialization started. Version: 1.15.5 Revision: 10000005 PID: 3346 Home: /opt/jfrog/artifactory
2021-03-10T13:29:54.127Z [jffe ] [INFO ] [                ] [                              ] [main                ] - attempting pinging artifactory for 180 retires and 1.0s interval for total of 3 minutes
2021-03-10T13:30:03.520Z [jffe ] [INFO ] [                ] [                              ] [main                ] - pinging artifactory, attempt number 10
2021-03-10T13:30:03.525Z [jffe ] [INFO ] [                ] [                              ] [main                ] - pinging artifactory attempt number 10 failed with code : ECONNREFUSED
2021-03-10T13:30:13.625Z [jffe ] [INFO ] [                ] [                              ] [main                ] - pinging artifactory, attempt number 20
2021-03-10T13:30:13.627Z [jffe ] [INFO ] [                ] [                              ] [main                ] - pinging artifactory attempt number 20 failed with code : ECONNREFUSED
2021-03-10T13:30:21.811Z [jffe ] [ERROR] [                ] [                              ] [main                ] - ArtifactoryClient::http [get] request to /api/system/ping failed with 404 code
2021-03-10T13:30:22.822Z [jffe ] [ERROR] [                ] [                              ] [main                ] - ArtifactoryClient::http [get] request to /api/system/ping failed with 404 code
2021-03-10T13:30:23.826Z [jffe ] [INFO ] [                ] [                              ] [main                ] - pinging artifactory, attempt number 30
2021-03-10T13:30:23.833Z [jffe ] [ERROR] [                ] [                              ] [main                ] - ArtifactoryClient::http [get] request to /api/system/ping failed with 404 code
2021-03-10T13:30:23.833Z [jffe ] [INFO ] [                ] [                              ] [main                ] - pinging artifactory attempt number 30 failed with code : undefined
2021-03-10T13:30:24.838Z [jffe ] [ERROR] [                ] [                              ] [main                ] - ArtifactoryClient::http [get] request to /api/system/ping failed with 404 code
2021-03-10T13:30:25.881Z [jffe ] [ERROR] [                ] [                              ] [main                ] - ArtifactoryClient::http [get] request to /api/system/ping failed with 404 code
2021-03-10T13:30:26.900Z [jffe ] [ERROR] [                ] [                              ] [main                ] - ArtifactoryClient::http [get] request to /api/system/ping failed with 404 code
2021-03-10T13:30:27.988Z [jffe ] [ERROR] [                ] [                              ] [main                ] - ArtifactoryClient::http [get] request to /api/system/ping failed with 503 code
2021-03-10T13:30:29.133Z [jffe ] [ERROR] [                ] [                              ] [main                ] - ArtifactoryClient::http [get] request to /api/system/ping failed with 503 code
2021-03-10T13:30:30.143Z [jffe ] [ERROR] [                ] [                              ] [main                ] - ArtifactoryClient::http [get] request to /api/system/ping failed with 503 code
2021-03-10T13:30:31.160Z [jffe ] [ERROR] [                ] [                              ] [main                ] - ArtifactoryClient::http [get] request to /api/system/ping failed with 503 code
2021-03-10T13:30:32.170Z [jffe ] [ERROR] [                ] [                              ] [main                ] - ArtifactoryClient::http [get] request to /api/system/ping failed with 503 code
2021-03-10T13:30:33.404Z [jffe ] [INFO ] [                ] [                              ] [main                ] - artifactory was pinged successfully
2021-03-10T13:30:33.405Z [jffe ] [INFO ] [                ] [                              ] [main                ] - setting service id - jffe@000
2021-03-10T13:30:33.476Z [jffe ] [INFO ] [                ] [                              ] [main                ] - Cluster join: Successfully joined the cluster
2021-03-10T13:30:33.521Z [jffe ] [INFO ] [                ] [                              ] [main                ] - UI service successfully registered on router, serviceId: jffe@000
2021-03-10T13:30:33.916Z [jffe ] [INFO ] [                ] [                              ] [main                ] - Recurring tasks started
2021-03-10T13:30:34.212Z [jffe ] [INFO ] [                ] [                              ] [main                ] - frontend (jffe) service initialization completed in 42.18 seconds. Listening on port: port 8070
